#
# There is insufficient memory for the Java Runtime Environment to continue.
# Native memory allocation (malloc) failed to allocate 1277776 bytes for Chunk::new
# Possible reasons:
#   The system is out of physical RAM or swap space
#   The process is running with CompressedOops enabled, and the Java Heap may be blocking the growth of the native heap
# Possible solutions:
#   Reduce memory load on the system
#   Increase physical memory or swap space
#   Check if swap backing store is full
#   Decrease Java heap size (-Xmx/-Xms)
#   Decrease number of Java threads
#   Decrease Java thread stack sizes (-Xss)
#   Set larger code cache with -XX:ReservedCodeCacheSize=
#   JVM is running with Unscaled Compressed Oops mode in which the Java heap is
#     placed in the first 4GB address space. The Java Heap base address is the
#     maximum limit for the native heap growth. Please use -XX:HeapBaseMinAddress
#     to set the Java Heap base and to place the Java Heap above 4GB virtual address.
# This output file may be truncated or incomplete.
#
#  Out of Memory Error (arena.cpp:189), pid=5324, tid=8620
#
# JRE version: OpenJDK Runtime Environment (17.0.7) (build 17.0.7+0-b2043.56-10550314)
# Java VM: OpenJDK 64-Bit Server VM (17.0.7+0-b2043.56-10550314, mixed mode, tiered, compressed oops, compressed class ptrs, g1 gc, windows-amd64)
# No core dump will be written. Minidumps are not enabled by default on client versions of Windows
#

---------------  S U M M A R Y ------------

Command Line: --add-opens=java.base/java.util=ALL-UNNAMED --add-opens=java.base/java.lang=ALL-UNNAMED --add-opens=java.base/java.lang.invoke=ALL-UNNAMED --add-opens=java.prefs/java.util.prefs=ALL-UNNAMED --add-opens=java.base/java.nio.charset=ALL-UNNAMED --add-opens=java.base/java.net=ALL-UNNAMED --add-opens=java.base/java.util.concurrent.atomic=ALL-UNNAMED -Xmx2048m -Dfile.encoding=UTF-8 -Duser.country=RU -Duser.language=ru -Duser.variant org.gradle.launcher.daemon.bootstrap.GradleDaemon 8.0

Host: AMD Ryzen 5 3500U with Radeon Vega Mobile Gfx  , 8 cores, 5G,  Windows 10 , 64 bit Build 17763 (10.0.17763.4974)
Time: Wed Mar 13 23:22:08 2024 RTZ 2 (зима) elapsed time: 51.093302 seconds (0d 0h 0m 51s)

---------------  T H R E A D  ---------------

Current thread (0x0000020f7f9974f0):  JavaThread "C2 CompilerThread0" daemon [_thread_in_native, id=8620, stack(0x0000009963300000,0x0000009963400000)]


Current CompileTask:
C2:  51093 5483       4       org.objectweb.asm.ClassWriter::toByteArray (1535 bytes)

Stack: [0x0000009963300000,0x0000009963400000]
Native frames: (J=compiled Java code, j=interpreted, Vv=VM code, C=native code)
V  [jvm.dll+0x683bfa]
V  [jvm.dll+0x8430a4]
V  [jvm.dll+0x8449be]
V  [jvm.dll+0x845023]
V  [jvm.dll+0x24ad2f]
V  [jvm.dll+0xac25c]
V  [jvm.dll+0xac82c]
V  [jvm.dll+0x36a132]
V  [jvm.dll+0x334821]
V  [jvm.dll+0x333cca]
V  [jvm.dll+0x21d251]
V  [jvm.dll+0x21c671]
V  [jvm.dll+0x1a605d]
V  [jvm.dll+0x22c148]
V  [jvm.dll+0x22a209]
V  [jvm.dll+0x7f858c]
V  [jvm.dll+0x7f2aea]
V  [jvm.dll+0x682a35]
C  [ucrtbase.dll+0x2268a]
C  [KERNEL32.DLL+0x17ac4]
C  [ntdll.dll+0x5a4e1]


---------------  P R O C E S S  ---------------

Threads class SMR info:
_java_thread_list=0x0000020f14d09570, length=42, elements={
0x0000020f729d4890, 0x0000020f7f82b250, 0x0000020f7f82c250, 0x0000020f7f98a320,
0x0000020f7f98af40, 0x0000020f7f97e150, 0x0000020f7f980a20, 0x0000020f7f9974f0,
0x0000020f7f997a00, 0x0000020f7f998300, 0x0000020f7fb1e010, 0x0000020f7fb1e8f0,
0x0000020f14c76b00, 0x0000020f14e84d60, 0x0000020f143d8590, 0x0000020f13e38440,
0x0000020f140329d0, 0x0000020f14032ea0, 0x0000020f147ba840, 0x0000020f14b222a0,
0x0000020f14b21430, 0x0000020f14b21dd0, 0x0000020f14b24920, 0x0000020f14b21900,
0x0000020f14b20f60, 0x0000020f14b22c40, 0x0000020f14b23110, 0x0000020f14b24450,
0x0000020f14b235e0, 0x0000020f14b23ab0, 0x0000020f14b23f80, 0x0000020f14552f40,
0x0000020f14554280, 0x0000020f14551260, 0x0000020f1454dd70, 0x0000020f1454fa50,
0x0000020f14554c20, 0x0000020f1454f580, 0x0000020f14554750, 0x0000020f1454e710,
0x0000020f145550f0, 0x0000020f14553410
}

Java Threads: ( => current thread )
  0x0000020f729d4890 JavaThread "main" [_thread_blocked, id=7768, stack(0x0000009962600000,0x0000009962700000)]
  0x0000020f7f82b250 JavaThread "Reference Handler" daemon [_thread_blocked, id=8232, stack(0x0000009962d00000,0x0000009962e00000)]
  0x0000020f7f82c250 JavaThread "Finalizer" daemon [_thread_blocked, id=9836, stack(0x0000009962e00000,0x0000009962f00000)]
  0x0000020f7f98a320 JavaThread "Signal Dispatcher" daemon [_thread_blocked, id=10076, stack(0x0000009962f00000,0x0000009963000000)]
  0x0000020f7f98af40 JavaThread "Attach Listener" daemon [_thread_blocked, id=7972, stack(0x0000009963000000,0x0000009963100000)]
  0x0000020f7f97e150 JavaThread "Service Thread" daemon [_thread_blocked, id=4112, stack(0x0000009963100000,0x0000009963200000)]
  0x0000020f7f980a20 JavaThread "Monitor Deflation Thread" daemon [_thread_blocked, id=6336, stack(0x0000009963200000,0x0000009963300000)]
=>0x0000020f7f9974f0 JavaThread "C2 CompilerThread0" daemon [_thread_in_native, id=8620, stack(0x0000009963300000,0x0000009963400000)]
  0x0000020f7f997a00 JavaThread "C1 CompilerThread0" daemon [_thread_blocked, id=1604, stack(0x0000009963400000,0x0000009963500000)]
  0x0000020f7f998300 JavaThread "Sweeper thread" daemon [_thread_blocked, id=5644, stack(0x0000009963500000,0x0000009963600000)]
  0x0000020f7fb1e010 JavaThread "Common-Cleaner" daemon [_thread_blocked, id=8364, stack(0x0000009963600000,0x0000009963700000)]
  0x0000020f7fb1e8f0 JavaThread "Notification Thread" daemon [_thread_blocked, id=8976, stack(0x0000009963700000,0x0000009963800000)]
  0x0000020f14c76b00 JavaThread "Daemon health stats" [_thread_blocked, id=9236, stack(0x0000009963e00000,0x0000009963f00000)]
  0x0000020f14e84d60 JavaThread "Incoming local TCP Connector on port 3917" [_thread_in_native, id=7636, stack(0x0000009963900000,0x0000009963a00000)]
  0x0000020f143d8590 JavaThread "Daemon periodic checks" [_thread_blocked, id=2720, stack(0x0000009963f00000,0x0000009964000000)]
  0x0000020f13e38440 JavaThread "Daemon" [_thread_blocked, id=9464, stack(0x0000009964100000,0x0000009964200000)]
  0x0000020f140329d0 JavaThread "Handler for socket connection from /127.0.0.1:3917 to /127.0.0.1:3918" [_thread_in_native, id=7480, stack(0x0000009964200000,0x0000009964300000)]
  0x0000020f14032ea0 JavaThread "Cancel handler" [_thread_blocked, id=1624, stack(0x0000009964000000,0x0000009964100000)]
  0x0000020f147ba840 JavaThread "Daemon worker" [_thread_blocked, id=5124, stack(0x0000009964300000,0x0000009964400000)]
  0x0000020f14b222a0 JavaThread "Asynchronous log dispatcher for DefaultDaemonConnection: socket connection from /127.0.0.1:3917 to /127.0.0.1:3918" [_thread_blocked, id=6368, stack(0x0000009964400000,0x0000009964500000)]
  0x0000020f14b21430 JavaThread "Stdin handler" [_thread_blocked, id=2896, stack(0x0000009964500000,0x0000009964600000)]
  0x0000020f14b21dd0 JavaThread "Daemon client event forwarder" [_thread_blocked, id=2704, stack(0x0000009964600000,0x0000009964700000)]
  0x0000020f14b24920 JavaThread "Cache worker for journal cache (C:\Users\vlad\.gradle\caches\journal-1)" [_thread_blocked, id=9124, stack(0x0000009964b00000,0x0000009964c00000)]
  0x0000020f14b21900 JavaThread "File lock request listener" [_thread_in_native, id=1636, stack(0x0000009964c00000,0x0000009964d00000)]
  0x0000020f14b20f60 JavaThread "Cache worker for file hash cache (C:\Users\vlad\.gradle\caches\8.0\fileHashes)" [_thread_blocked, id=8444, stack(0x0000009964d00000,0x0000009964e00000)]
  0x0000020f14b22c40 JavaThread "File watcher server" daemon [_thread_in_native, id=1720, stack(0x0000009964f00000,0x0000009965000000)]
  0x0000020f14b23110 JavaThread "File watcher consumer" daemon [_thread_blocked, id=2248, stack(0x0000009965000000,0x0000009965100000)]
  0x0000020f14b24450 JavaThread "File lock release action executor" [_thread_blocked, id=5544, stack(0x0000009964e00000,0x0000009964f00000)]
  0x0000020f14b235e0 JavaThread "jar transforms" [_thread_blocked, id=3276, stack(0x0000009965100000,0x0000009965200000)]
  0x0000020f14b23ab0 JavaThread "jar transforms Thread 2" [_thread_blocked, id=1092, stack(0x0000009965200000,0x0000009965300000)]
  0x0000020f14b23f80 JavaThread "jar transforms Thread 3" [_thread_blocked, id=972, stack(0x0000009965300000,0x0000009965400000)]
  0x0000020f14552f40 JavaThread "jar transforms Thread 4" [_thread_blocked, id=8340, stack(0x0000009965400000,0x0000009965500000)]
  0x0000020f14554280 JavaThread "jar transforms Thread 5" [_thread_in_Java, id=3160, stack(0x0000009965500000,0x0000009965600000)]
  0x0000020f14551260 JavaThread "jar transforms Thread 6" [_thread_blocked, id=3960, stack(0x0000009965600000,0x0000009965700000)]
  0x0000020f1454dd70 JavaThread "jar transforms Thread 7" [_thread_blocked, id=2996, stack(0x0000009965700000,0x0000009965800000)]
  0x0000020f1454fa50 JavaThread "jar transforms Thread 8" [_thread_blocked, id=9928, stack(0x0000009965800000,0x0000009965900000)]
  0x0000020f14554c20 JavaThread "Cache worker for checksums cache (C:\Users\vlad\Downloads\Calc\.gradle\8.0\checksums)" [_thread_blocked, id=8904, stack(0x0000009965a00000,0x0000009965b00000)]
  0x0000020f1454f580 JavaThread "Cache worker for cache directory md-rule (C:\Users\vlad\.gradle\caches\8.0\md-rule)" [_thread_blocked, id=7304, stack(0x0000009965b00000,0x0000009965c00000)]
  0x0000020f14554750 JavaThread "Cache worker for file content cache (C:\Users\vlad\.gradle\caches\8.0\fileContent)" [_thread_blocked, id=4152, stack(0x0000009965c00000,0x0000009965d00000)]
  0x0000020f1454e710 JavaThread "Cache worker for file hash cache (C:\Users\vlad\Downloads\Calc\.gradle\8.0\fileHashes)" [_thread_blocked, id=7396, stack(0x0000009965d00000,0x0000009965e00000)]
  0x0000020f145550f0 JavaThread "Cache worker for cache directory md-supplier (C:\Users\vlad\.gradle\caches\8.0\md-supplier)" [_thread_blocked, id=5720, stack(0x0000009965e00000,0x0000009965f00000)]
  0x0000020f14553410 JavaThread "Cache worker for execution history cache (C:\Users\vlad\.gradle\caches\8.0\executionHistory)" [_thread_blocked, id=9472, stack(0x0000009965900000,0x0000009965a00000)]

Other Threads:
  0x0000020f7f803760 VMThread "VM Thread" [stack: 0x0000009962c00000,0x0000009962d00000] [id=7084]
  0x0000020f7fb1edc0 WatcherThread [stack: 0x0000009963800000,0x0000009963900000] [id=7100]
  0x0000020f72a2fa10 GCTaskThread "GC Thread#0" [stack: 0x0000009962700000,0x0000009962800000] [id=9688]
  0x0000020f130327e0 GCTaskThread "GC Thread#1" [stack: 0x0000009963a00000,0x0000009963b00000] [id=8632]
  0x0000020f13032a90 GCTaskThread "GC Thread#2" [stack: 0x0000009963b00000,0x0000009963c00000] [id=9232]
  0x0000020f13033550 GCTaskThread "GC Thread#3" [stack: 0x0000009963c00000,0x0000009963d00000] [id=9160]
  0x0000020f13032530 GCTaskThread "GC Thread#4" [stack: 0x0000009963d00000,0x0000009963e00000] [id=9288]
  0x0000020f13033800 GCTaskThread "GC Thread#5" [stack: 0x0000009964700000,0x0000009964800000] [id=2688]
  0x0000020f13032d40 GCTaskThread "GC Thread#6" [stack: 0x0000009964800000,0x0000009964900000] [id=9292]
  0x0000020f13033ab0 GCTaskThread "GC Thread#7" [stack: 0x0000009964900000,0x0000009964a00000] [id=2812]
  0x0000020f72a41c90 ConcurrentGCThread "G1 Main Marker" [stack: 0x0000009962800000,0x0000009962900000] [id=6208]
  0x0000020f72a42d50 ConcurrentGCThread "G1 Conc#0" [stack: 0x0000009962900000,0x0000009962a00000] [id=9108]
  0x0000020f147fb970 ConcurrentGCThread "G1 Conc#1" [stack: 0x0000009964a00000,0x0000009964b00000] [id=1136]
  0x0000020f72a88b30 ConcurrentGCThread "G1 Refine#0" [stack: 0x0000009962a00000,0x0000009962b00000] [id=10164]
  0x0000020f72a89460 ConcurrentGCThread "G1 Service" [stack: 0x0000009962b00000,0x0000009962c00000] [id=4752]

Threads with active compile tasks:
C2 CompilerThread0    51171 5483       4       org.objectweb.asm.ClassWriter::toByteArray (1535 bytes)

VM state: not at safepoint (normal execution)

VM Mutex/Monitor currently owned by a thread: None

Heap address: 0x0000000080000000, size: 2048 MB, Compressed Oops mode: 32-bit

CDS archive(s) not mapped
Compressed class space mapped at: 0x0000000100000000-0x0000000140000000, reserved size: 1073741824
Narrow klass base: 0x0000000000000000, Narrow klass shift: 3, Narrow klass range: 0x140000000

GC Precious Log:
 CPUs: 8 total, 8 available
 Memory: 6088M
 Large Page Support: Disabled
 NUMA Support: Disabled
 Compressed Oops: Enabled (32-bit)
 Heap Region Size: 1M
 Heap Min Capacity: 8M
 Heap Initial Capacity: 96M
 Heap Max Capacity: 2G
 Pre-touch: Disabled
 Parallel Workers: 8
 Concurrent Workers: 2
 Concurrent Refinement Workers: 8
 Periodic GC: Disabled

Heap:
 garbage-first heap   total 122880K, used 86099K [0x0000000080000000, 0x0000000100000000)
  region size 1024K, 23 young (23552K), 5 survivors (5120K)
 Metaspace       used 52356K, committed 52800K, reserved 1114112K
  class space    used 6938K, committed 7168K, reserved 1048576K

Heap Regions: E=young(eden), S=young(survivor), O=old, HS=humongous(starts), HC=humongous(continues), CS=collection set, F=free, OA=open archive, CA=closed archive, TAMS=top-at-mark-start (previous, next)
|   0|0x0000000080000000, 0x0000000080100000, 0x0000000080100000|100%|HS|  |TAMS 0x0000000080100000, 0x0000000080000000| Complete 
|   1|0x0000000080100000, 0x0000000080200000, 0x0000000080200000|100%|HC|  |TAMS 0x0000000080200000, 0x0000000080100000| Complete 
|   2|0x0000000080200000, 0x0000000080300000, 0x0000000080300000|100%|HC|  |TAMS 0x0000000080300000, 0x0000000080200000| Complete 
|   3|0x0000000080300000, 0x0000000080400000, 0x0000000080400000|100%|HC|  |TAMS 0x0000000080400000, 0x0000000080300000| Complete 
|   4|0x0000000080400000, 0x0000000080500000, 0x0000000080500000|100%| O|  |TAMS 0x0000000080500000, 0x0000000080400000| Untracked 
|   5|0x0000000080500000, 0x0000000080600000, 0x0000000080600000|100%| O|  |TAMS 0x0000000080600000, 0x0000000080500000| Untracked 
|   6|0x0000000080600000, 0x0000000080700000, 0x0000000080700000|100%| O|  |TAMS 0x0000000080700000, 0x0000000080600000| Untracked 
|   7|0x0000000080700000, 0x0000000080800000, 0x0000000080800000|100%| O|  |TAMS 0x0000000080800000, 0x0000000080700000| Untracked 
|   8|0x0000000080800000, 0x0000000080900000, 0x0000000080900000|100%| O|  |TAMS 0x0000000080900000, 0x0000000080800000| Untracked 
|   9|0x0000000080900000, 0x0000000080a00000, 0x0000000080a00000|100%| O|  |TAMS 0x0000000080a00000, 0x0000000080900000| Untracked 
|  10|0x0000000080a00000, 0x0000000080b00000, 0x0000000080b00000|100%| O|  |TAMS 0x0000000080b00000, 0x0000000080a00000| Untracked 
|  11|0x0000000080b00000, 0x0000000080c00000, 0x0000000080c00000|100%| O|  |TAMS 0x0000000080c00000, 0x0000000080b00000| Untracked 
|  12|0x0000000080c00000, 0x0000000080d00000, 0x0000000080d00000|100%| O|  |TAMS 0x0000000080d00000, 0x0000000080c00000| Untracked 
|  13|0x0000000080d00000, 0x0000000080e00000, 0x0000000080e00000|100%| O|  |TAMS 0x0000000080e00000, 0x0000000080d00000| Untracked 
|  14|0x0000000080e00000, 0x0000000080f00000, 0x0000000080f00000|100%| O|  |TAMS 0x0000000080f00000, 0x0000000080e00000| Untracked 
|  15|0x0000000080f00000, 0x0000000081000000, 0x0000000081000000|100%| O|  |TAMS 0x0000000081000000, 0x0000000080f00000| Untracked 
|  16|0x0000000081000000, 0x0000000081100000, 0x0000000081100000|100%| O|  |TAMS 0x0000000081100000, 0x0000000081000000| Untracked 
|  17|0x0000000081100000, 0x0000000081200000, 0x0000000081200000|100%| O|  |TAMS 0x0000000081200000, 0x0000000081100000| Untracked 
|  18|0x0000000081200000, 0x0000000081300000, 0x0000000081300000|100%| O|  |TAMS 0x0000000081300000, 0x0000000081200000| Untracked 
|  19|0x0000000081300000, 0x0000000081400000, 0x0000000081400000|100%| O|  |TAMS 0x0000000081400000, 0x0000000081300000| Untracked 
|  20|0x0000000081400000, 0x0000000081500000, 0x0000000081500000|100%| O|  |TAMS 0x0000000081500000, 0x0000000081400000| Untracked 
|  21|0x0000000081500000, 0x0000000081600000, 0x0000000081600000|100%| O|  |TAMS 0x0000000081600000, 0x0000000081500000| Untracked 
|  22|0x0000000081600000, 0x0000000081700000, 0x0000000081700000|100%|HS|  |TAMS 0x0000000081700000, 0x0000000081600000| Complete 
|  23|0x0000000081700000, 0x0000000081800000, 0x0000000081800000|100%|HC|  |TAMS 0x0000000081800000, 0x0000000081700000| Complete 
|  24|0x0000000081800000, 0x0000000081900000, 0x0000000081900000|100%|HS|  |TAMS 0x0000000081900000, 0x0000000081800000| Complete 
|  25|0x0000000081900000, 0x0000000081a00000, 0x0000000081a00000|100%|HC|  |TAMS 0x0000000081a00000, 0x0000000081900000| Complete 
|  26|0x0000000081a00000, 0x0000000081b00000, 0x0000000081b00000|100%|HC|  |TAMS 0x0000000081b00000, 0x0000000081a00000| Complete 
|  27|0x0000000081b00000, 0x0000000081c00000, 0x0000000081c00000|100%|HS|  |TAMS 0x0000000081c00000, 0x0000000081b00000| Complete 
|  28|0x0000000081c00000, 0x0000000081d00000, 0x0000000081d00000|100%|HC|  |TAMS 0x0000000081d00000, 0x0000000081c00000| Complete 
|  29|0x0000000081d00000, 0x0000000081e00000, 0x0000000081e00000|100%|HS|  |TAMS 0x0000000081e00000, 0x0000000081d00000| Complete 
|  30|0x0000000081e00000, 0x0000000081f00000, 0x0000000081f00000|100%|HC|  |TAMS 0x0000000081f00000, 0x0000000081e00000| Complete 
|  31|0x0000000081f00000, 0x0000000082000000, 0x0000000082000000|100%|HC|  |TAMS 0x0000000082000000, 0x0000000081f00000| Complete 
|  32|0x0000000082000000, 0x0000000082100000, 0x0000000082100000|100%|HC|  |TAMS 0x0000000082100000, 0x0000000082000000| Complete 
|  33|0x0000000082100000, 0x0000000082200000, 0x0000000082200000|100%|HC|  |TAMS 0x0000000082200000, 0x0000000082100000| Complete 
|  34|0x0000000082200000, 0x0000000082300000, 0x0000000082300000|100%|HC|  |TAMS 0x0000000082300000, 0x0000000082200000| Complete 
|  35|0x0000000082300000, 0x0000000082400000, 0x0000000082400000|100%|HC|  |TAMS 0x0000000082400000, 0x0000000082300000| Complete 
|  36|0x0000000082400000, 0x0000000082500000, 0x0000000082500000|100%|HC|  |TAMS 0x0000000082500000, 0x0000000082400000| Complete 
|  37|0x0000000082500000, 0x0000000082600000, 0x0000000082600000|100%|HC|  |TAMS 0x0000000082600000, 0x0000000082500000| Complete 
|  38|0x0000000082600000, 0x0000000082700000, 0x0000000082700000|100%|HC|  |TAMS 0x0000000082700000, 0x0000000082600000| Complete 
|  39|0x0000000082700000, 0x0000000082800000, 0x0000000082800000|100%|HC|  |TAMS 0x0000000082800000, 0x0000000082700000| Complete 
|  40|0x0000000082800000, 0x0000000082900000, 0x0000000082900000|100%|HC|  |TAMS 0x0000000082900000, 0x0000000082800000| Complete 
|  41|0x0000000082900000, 0x0000000082a00000, 0x0000000082a00000|100%| O|  |TAMS 0x0000000082a00000, 0x0000000082900000| Untracked 
|  42|0x0000000082a00000, 0x0000000082b00000, 0x0000000082b00000|100%| O|  |TAMS 0x0000000082b00000, 0x0000000082a00000| Untracked 
|  43|0x0000000082b00000, 0x0000000082c00000, 0x0000000082c00000|100%|HS|  |TAMS 0x0000000082c00000, 0x0000000082b00000| Complete 
|  44|0x0000000082c00000, 0x0000000082d00000, 0x0000000082d00000|100%|HC|  |TAMS 0x0000000082d00000, 0x0000000082c00000| Complete 
|  45|0x0000000082d00000, 0x0000000082e00000, 0x0000000082e00000|100%| O|  |TAMS 0x0000000082e00000, 0x0000000082d00000| Untracked 
|  46|0x0000000082e00000, 0x0000000082f00000, 0x0000000082f00000|100%| O|  |TAMS 0x0000000082f00000, 0x0000000082e00000| Untracked 
|  47|0x0000000082f00000, 0x0000000083000000, 0x0000000083000000|100%| O|  |TAMS 0x0000000083000000, 0x0000000082f00000| Untracked 
|  48|0x0000000083000000, 0x0000000083100000, 0x0000000083100000|100%| O|  |TAMS 0x0000000083100000, 0x0000000083000000| Untracked 
|  49|0x0000000083100000, 0x0000000083100000, 0x0000000083200000|  0%| F|  |TAMS 0x0000000083100000, 0x0000000083100000| Untracked 
|  50|0x0000000083200000, 0x0000000083300000, 0x0000000083300000|100%| O|  |TAMS 0x0000000083300000, 0x0000000083200000| Untracked 
|  51|0x0000000083300000, 0x0000000083400000, 0x0000000083400000|100%| O|  |TAMS 0x0000000083400000, 0x0000000083300000| Untracked 
|  52|0x0000000083400000, 0x0000000083500000, 0x0000000083500000|100%| O|  |TAMS 0x0000000083500000, 0x0000000083400000| Untracked 
|  53|0x0000000083500000, 0x0000000083600000, 0x0000000083600000|100%|HS|  |TAMS 0x0000000083600000, 0x0000000083500000| Complete 
|  54|0x0000000083600000, 0x0000000083700000, 0x0000000083700000|100%|HC|  |TAMS 0x0000000083700000, 0x0000000083600000| Complete 
|  55|0x0000000083700000, 0x0000000083800000, 0x0000000083800000|100%| O|  |TAMS 0x0000000083800000, 0x0000000083700000| Untracked 
|  56|0x0000000083800000, 0x0000000083900000, 0x0000000083900000|100%| O|  |TAMS 0x0000000083900000, 0x0000000083800000| Untracked 
|  57|0x0000000083900000, 0x0000000083a00000, 0x0000000083a00000|100%| O|  |TAMS 0x0000000083a00000, 0x0000000083900000| Untracked 
|  58|0x0000000083a00000, 0x0000000083b00000, 0x0000000083b00000|100%| O|  |TAMS 0x0000000083b00000, 0x0000000083a00000| Untracked 
|  59|0x0000000083b00000, 0x0000000083c00000, 0x0000000083c00000|100%| O|  |TAMS 0x0000000083c00000, 0x0000000083b00000| Untracked 
|  60|0x0000000083c00000, 0x0000000083d00000, 0x0000000083d00000|100%| O|  |TAMS 0x0000000083d00000, 0x0000000083c00000| Untracked 
|  61|0x0000000083d00000, 0x0000000083e00000, 0x0000000083e00000|100%| O|  |TAMS 0x0000000083e00000, 0x0000000083d00000| Untracked 
|  62|0x0000000083e00000, 0x0000000083f00000, 0x0000000083f00000|100%| O|  |TAMS 0x0000000083f00000, 0x0000000083e00000| Untracked 
|  63|0x0000000083f00000, 0x0000000083f00000, 0x0000000084000000|  0%| F|  |TAMS 0x0000000083f00000, 0x0000000083f00000| Untracked 
|  64|0x0000000084000000, 0x000000008405fc00, 0x0000000084100000| 37%| O|  |TAMS 0x0000000084000000, 0x0000000084000000| Untracked 
|  65|0x0000000084100000, 0x0000000084100000, 0x0000000084200000|  0%| F|  |TAMS 0x0000000084100000, 0x0000000084100000| Untracked 
|  66|0x0000000084200000, 0x0000000084200000, 0x0000000084300000|  0%| F|  |TAMS 0x0000000084200000, 0x0000000084200000| Untracked 
|  67|0x0000000084300000, 0x0000000084300000, 0x0000000084400000|  0%| F|  |TAMS 0x0000000084300000, 0x0000000084300000| Untracked 
|  68|0x0000000084400000, 0x0000000084400000, 0x0000000084500000|  0%| F|  |TAMS 0x0000000084400000, 0x0000000084400000| Untracked 
|  69|0x0000000084500000, 0x0000000084500000, 0x0000000084600000|  0%| F|  |TAMS 0x0000000084500000, 0x0000000084500000| Untracked 
|  70|0x0000000084600000, 0x0000000084600000, 0x0000000084700000|  0%| F|  |TAMS 0x0000000084600000, 0x0000000084600000| Untracked 
|  71|0x0000000084700000, 0x0000000084700000, 0x0000000084800000|  0%| F|  |TAMS 0x0000000084700000, 0x0000000084700000| Untracked 
|  72|0x0000000084800000, 0x0000000084800000, 0x0000000084900000|  0%| F|  |TAMS 0x0000000084800000, 0x0000000084800000| Untracked 
|  73|0x0000000084900000, 0x00000000849b5320, 0x0000000084a00000| 70%| S|CS|TAMS 0x0000000084900000, 0x0000000084900000| Complete 
|  74|0x0000000084a00000, 0x0000000084b00000, 0x0000000084b00000|100%| S|CS|TAMS 0x0000000084a00000, 0x0000000084a00000| Complete 
|  75|0x0000000084b00000, 0x0000000084c00000, 0x0000000084c00000|100%| S|CS|TAMS 0x0000000084b00000, 0x0000000084b00000| Complete 
|  76|0x0000000084c00000, 0x0000000084d00000, 0x0000000084d00000|100%| S|CS|TAMS 0x0000000084c00000, 0x0000000084c00000| Complete 
|  77|0x0000000084d00000, 0x0000000084e00000, 0x0000000084e00000|100%| S|CS|TAMS 0x0000000084d00000, 0x0000000084d00000| Complete 
|  78|0x0000000084e00000, 0x0000000084e00000, 0x0000000084f00000|  0%| F|  |TAMS 0x0000000084e00000, 0x0000000084e00000| Untracked 
|  79|0x0000000084f00000, 0x0000000084f00000, 0x0000000085000000|  0%| F|  |TAMS 0x0000000084f00000, 0x0000000084f00000| Untracked 
|  80|0x0000000085000000, 0x0000000085000000, 0x0000000085100000|  0%| F|  |TAMS 0x0000000085000000, 0x0000000085000000| Untracked 
|  81|0x0000000085100000, 0x0000000085100000, 0x0000000085200000|  0%| F|  |TAMS 0x0000000085100000, 0x0000000085100000| Untracked 
|  82|0x0000000085200000, 0x0000000085200000, 0x0000000085300000|  0%| F|  |TAMS 0x0000000085200000, 0x0000000085200000| Untracked 
|  83|0x0000000085300000, 0x0000000085300000, 0x0000000085400000|  0%| F|  |TAMS 0x0000000085300000, 0x0000000085300000| Untracked 
|  84|0x0000000085400000, 0x0000000085400000, 0x0000000085500000|  0%| F|  |TAMS 0x0000000085400000, 0x0000000085400000| Untracked 
|  85|0x0000000085500000, 0x0000000085500000, 0x0000000085600000|  0%| F|  |TAMS 0x0000000085500000, 0x0000000085500000| Untracked 
|  86|0x0000000085600000, 0x0000000085600000, 0x0000000085700000|  0%| F|  |TAMS 0x0000000085600000, 0x0000000085600000| Untracked 
|  87|0x0000000085700000, 0x0000000085700000, 0x0000000085800000|  0%| F|  |TAMS 0x0000000085700000, 0x0000000085700000| Untracked 
|  88|0x0000000085800000, 0x0000000085800000, 0x0000000085900000|  0%| F|  |TAMS 0x0000000085800000, 0x0000000085800000| Untracked 
|  89|0x0000000085900000, 0x0000000085900000, 0x0000000085a00000|  0%| F|  |TAMS 0x0000000085900000, 0x0000000085900000| Untracked 
|  90|0x0000000085a00000, 0x0000000085a00000, 0x0000000085b00000|  0%| F|  |TAMS 0x0000000085a00000, 0x0000000085a00000| Untracked 
|  91|0x0000000085b00000, 0x0000000085b00000, 0x0000000085c00000|  0%| F|  |TAMS 0x0000000085b00000, 0x0000000085b00000| Untracked 
|  92|0x0000000085c00000, 0x0000000085c00000, 0x0000000085d00000|  0%| F|  |TAMS 0x0000000085c00000, 0x0000000085c00000| Untracked 
|  93|0x0000000085d00000, 0x0000000085d00000, 0x0000000085e00000|  0%| F|  |TAMS 0x0000000085d00000, 0x0000000085d00000| Untracked 
|  94|0x0000000085e00000, 0x0000000085e00000, 0x0000000085f00000|  0%| F|  |TAMS 0x0000000085e00000, 0x0000000085e00000| Untracked 
|  95|0x0000000085f00000, 0x0000000085f00000, 0x0000000086000000|  0%| F|  |TAMS 0x0000000085f00000, 0x0000000085f00000| Untracked 
|  96|0x0000000086000000, 0x0000000086000000, 0x0000000086100000|  0%| F|  |TAMS 0x0000000086000000, 0x0000000086000000| Untracked 
|  97|0x0000000086100000, 0x0000000086100000, 0x0000000086200000|  0%| F|  |TAMS 0x0000000086100000, 0x0000000086100000| Untracked 
|  98|0x0000000086200000, 0x0000000086200000, 0x0000000086300000|  0%| F|  |TAMS 0x0000000086200000, 0x0000000086200000| Untracked 
|  99|0x0000000086300000, 0x0000000086300000, 0x0000000086400000|  0%| F|  |TAMS 0x0000000086300000, 0x0000000086300000| Untracked 
| 100|0x0000000086400000, 0x0000000086400000, 0x0000000086500000|  0%| F|  |TAMS 0x0000000086400000, 0x0000000086400000| Untracked 
| 101|0x0000000086500000, 0x0000000086580988, 0x0000000086600000| 50%| E|  |TAMS 0x0000000086500000, 0x0000000086500000| Complete 
| 102|0x0000000086600000, 0x0000000086700000, 0x0000000086700000|100%| E|CS|TAMS 0x0000000086600000, 0x0000000086600000| Complete 
| 103|0x0000000086700000, 0x0000000086800000, 0x0000000086800000|100%| E|CS|TAMS 0x0000000086700000, 0x0000000086700000| Complete 
| 104|0x0000000086800000, 0x0000000086900000, 0x0000000086900000|100%| E|CS|TAMS 0x0000000086800000, 0x0000000086800000| Complete 
| 105|0x0000000086900000, 0x0000000086a00000, 0x0000000086a00000|100%| E|CS|TAMS 0x0000000086900000, 0x0000000086900000| Complete 
| 106|0x0000000086a00000, 0x0000000086b00000, 0x0000000086b00000|100%| E|CS|TAMS 0x0000000086a00000, 0x0000000086a00000| Complete 
| 107|0x0000000086b00000, 0x0000000086c00000, 0x0000000086c00000|100%| E|CS|TAMS 0x0000000086b00000, 0x0000000086b00000| Complete 
| 108|0x0000000086c00000, 0x0000000086d00000, 0x0000000086d00000|100%| E|CS|TAMS 0x0000000086c00000, 0x0000000086c00000| Complete 
| 109|0x0000000086d00000, 0x0000000086e00000, 0x0000000086e00000|100%| E|CS|TAMS 0x0000000086d00000, 0x0000000086d00000| Complete 
| 110|0x0000000086e00000, 0x0000000086f00000, 0x0000000086f00000|100%| E|CS|TAMS 0x0000000086e00000, 0x0000000086e00000| Complete 
| 111|0x0000000086f00000, 0x0000000087000000, 0x0000000087000000|100%| E|CS|TAMS 0x0000000086f00000, 0x0000000086f00000| Complete 
| 112|0x0000000087000000, 0x0000000087100000, 0x0000000087100000|100%| E|CS|TAMS 0x0000000087000000, 0x0000000087000000| Complete 
| 113|0x0000000087100000, 0x0000000087200000, 0x0000000087200000|100%| E|CS|TAMS 0x0000000087100000, 0x0000000087100000| Complete 
| 114|0x0000000087200000, 0x0000000087300000, 0x0000000087300000|100%| E|CS|TAMS 0x0000000087200000, 0x0000000087200000| Complete 
| 115|0x0000000087300000, 0x0000000087400000, 0x0000000087400000|100%| E|CS|TAMS 0x0000000087300000, 0x0000000087300000| Complete 
| 116|0x0000000087400000, 0x0000000087500000, 0x0000000087500000|100%| E|CS|TAMS 0x0000000087400000, 0x0000000087400000| Complete 
| 117|0x0000000087500000, 0x0000000087600000, 0x0000000087600000|100%| E|CS|TAMS 0x0000000087500000, 0x0000000087500000| Complete 
| 118|0x0000000087600000, 0x0000000087700000, 0x0000000087700000|100%| E|CS|TAMS 0x0000000087600000, 0x0000000087600000| Complete 
| 119|0x0000000087700000, 0x0000000087800000, 0x0000000087800000|100%| E|CS|TAMS 0x0000000087700000, 0x0000000087700000| Complete 

Card table byte_map: [0x0000020f78520000,0x0000020f78920000] _byte_map_base: 0x0000020f78120000

Marking Bits (Prev, Next): (CMBitMap*) 0x0000020f72a30f40, (CMBitMap*) 0x0000020f72a30f80
 Prev Bits: [0x0000020f78d20000, 0x0000020f7ad20000)
 Next Bits: [0x0000020f7ad20000, 0x0000020f7cd20000)

Polling page: 0x0000020f72810000

Metaspace:

Usage:
  Non-class:     44.35 MB used.
      Class:      6.78 MB used.
       Both:     51.13 MB used.

Virtual space:
  Non-class space:       64.00 MB reserved,      44.56 MB ( 70%) committed,  1 nodes.
      Class space:        1.00 GB reserved,       7.00 MB ( <1%) committed,  1 nodes.
             Both:        1.06 GB reserved,      51.56 MB (  5%) committed. 

Chunk freelists:
   Non-Class:  2.77 MB
       Class:  9.05 MB
        Both:  11.82 MB

MaxMetaspaceSize: unlimited
CompressedClassSpaceSize: 1.00 GB
Initial GC threshold: 21.00 MB
Current GC threshold: 85.94 MB
CDS: off
MetaspaceReclaimPolicy: balanced
 - commit_granule_bytes: 65536.
 - commit_granule_words: 8192.
 - virtual_space_node_default_size: 8388608.
 - enlarge_chunks_in_place: 1.
 - new_chunks_are_fully_committed: 0.
 - uncommit_free_chunks: 1.
 - use_allocation_guard: 0.
 - handle_deallocations: 1.


Internal statistics:

num_allocs_failed_limit: 3.
num_arena_births: 432.
num_arena_deaths: 4.
num_vsnodes_births: 2.
num_vsnodes_deaths: 0.
num_space_committed: 825.
num_space_uncommitted: 0.
num_chunks_returned_to_freelist: 9.
num_chunks_taken_from_freelist: 2071.
num_chunk_merges: 3.
num_chunk_splits: 1372.
num_chunks_enlarged: 960.
num_inconsistent_stats: 0.

CodeHeap 'non-profiled nmethods': size=120000Kb used=2582Kb max_used=2884Kb free=117417Kb
 bounds [0x0000020f07ad0000, 0x0000020f07e00000, 0x0000020f0f000000]
CodeHeap 'profiled nmethods': size=120000Kb used=9208Kb max_used=11044Kb free=110791Kb
 bounds [0x0000020f00000000, 0x0000020f00b10000, 0x0000020f07530000]
CodeHeap 'non-nmethods': size=5760Kb used=2311Kb max_used=2382Kb free=3448Kb
 bounds [0x0000020f07530000, 0x0000020f077a0000, 0x0000020f07ad0000]
 total_blobs=5443 nmethods=4615 adapters=740
 compilation: enabled
              stopped_count=0, restarted_count=0
 full_count=0

Compilation events (20 events):
Event: 46.822 Thread 0x0000020f7f997a00 5508       3       org.objectweb.asm.ClassReader::<init> (371 bytes)
Event: 46.825 Thread 0x0000020f7f997a00 nmethod 5508 0x0000020f0007bb90 code [0x0000020f0007be80, 0x0000020f0007d1d8]
Event: 47.962 Thread 0x0000020f7f9974f0 nmethod 5496 0x0000020f07dc9290 code [0x0000020f07dc9c00, 0x0000020f07dd6758]
Event: 47.963 Thread 0x0000020f7f9974f0 5510       4       org.objectweb.asm.ClassReader::accept (1412 bytes)
Event: 49.622 Thread 0x0000020f7f997a00 5517 %     3       org.objectweb.asm.SymbolTable::addConstantUtf8Reference @ 13 (101 bytes)
Event: 49.625 Thread 0x0000020f7f997a00 nmethod 5517% 0x0000020f000ab210 code [0x0000020f000ab440, 0x0000020f000abb58]
Event: 49.810 Thread 0x0000020f7f997a00 5518       3       org.objectweb.asm.SymbolTable::addConstantUtf8Reference (101 bytes)
Event: 49.812 Thread 0x0000020f7f997a00 nmethod 5518 0x0000020f002b3310 code [0x0000020f002b3520, 0x0000020f002b3af8]
Event: 49.876 Thread 0x0000020f7f997a00 5519 %     3       org.objectweb.asm.MethodWriter::visitTableSwitchInsn @ 78 (120 bytes)
Event: 49.877 Thread 0x0000020f7f997a00 nmethod 5519% 0x0000020f0002f490 code [0x0000020f0002f6c0, 0x0000020f0002fc68]
Event: 49.992 Thread 0x0000020f7f997a00 5520       2       java.util.HashMap$ValueSpliterator::tryAdvance (138 bytes)
Event: 49.994 Thread 0x0000020f7f997a00 nmethod 5520 0x0000020f0014f090 code [0x0000020f0014f280, 0x0000020f0014f738]
Event: 49.994 Thread 0x0000020f7f997a00 5521       2       java.lang.management.ManagementFactory$PlatformMBeanFinder$$Lambda$57/0x0000000100169c10::test (12 bytes)
Event: 49.994 Thread 0x0000020f7f997a00 nmethod 5521 0x0000020f00597c90 code [0x0000020f00597e40, 0x0000020f00597ff8]
Event: 50.721 Thread 0x0000020f7f9974f0 nmethod 5510 0x0000020f07ddf410 code [0x0000020f07ddfbe0, 0x0000020f07dee220]
Event: 50.725 Thread 0x0000020f7f9974f0 5474       4       org.objectweb.asm.ClassReader::getFirstAttributeOffset (136 bytes)
Event: 50.744 Thread 0x0000020f7f9974f0 nmethod 5474 0x0000020f07b3fc90 code [0x0000020f07b3fe20, 0x0000020f07b402f8]
Event: 50.744 Thread 0x0000020f7f9974f0 5512       4       java.util.Arrays::binarySearch0 (83 bytes)
Event: 50.752 Thread 0x0000020f7f9974f0 nmethod 5512 0x0000020f07b23690 code [0x0000020f07b23820, 0x0000020f07b239f8]
Event: 50.752 Thread 0x0000020f7f9974f0 5483       4       org.objectweb.asm.ClassWriter::toByteArray (1535 bytes)

GC Heap History (20 events):
Event: 37.382 GC heap before
{Heap before GC invocations=30 (full 0):
 garbage-first heap   total 116736K, used 92598K [0x0000000080000000, 0x0000000100000000)
  region size 1024K, 29 young (29696K), 1 survivors (1024K)
 Metaspace       used 52325K, committed 52800K, reserved 1114112K
  class space    used 6938K, committed 7168K, reserved 1048576K
}
Event: 37.385 GC heap after
{Heap after GC invocations=31 (full 0):
 garbage-first heap   total 116736K, used 64186K [0x0000000080000000, 0x0000000100000000)
  region size 1024K, 1 young (1024K), 1 survivors (1024K)
 Metaspace       used 52325K, committed 52800K, reserved 1114112K
  class space    used 6938K, committed 7168K, reserved 1048576K
}
Event: 37.884 GC heap before
{Heap before GC invocations=31 (full 0):
 garbage-first heap   total 116736K, used 96954K [0x0000000080000000, 0x0000000100000000)
  region size 1024K, 33 young (33792K), 1 survivors (1024K)
 Metaspace       used 52325K, committed 52800K, reserved 1114112K
  class space    used 6938K, committed 7168K, reserved 1048576K
}
Event: 37.887 GC heap after
{Heap after GC invocations=32 (full 0):
 garbage-first heap   total 116736K, used 64473K [0x0000000080000000, 0x0000000100000000)
  region size 1024K, 1 young (1024K), 1 survivors (1024K)
 Metaspace       used 52325K, committed 52800K, reserved 1114112K
  class space    used 6938K, committed 7168K, reserved 1048576K
}
Event: 38.462 GC heap before
{Heap before GC invocations=33 (full 0):
 garbage-first heap   total 116736K, used 98265K [0x0000000080000000, 0x0000000100000000)
  region size 1024K, 34 young (34816K), 1 survivors (1024K)
 Metaspace       used 52328K, committed 52800K, reserved 1114112K
  class space    used 6938K, committed 7168K, reserved 1048576K
}
Event: 38.465 GC heap after
{Heap after GC invocations=34 (full 0):
 garbage-first heap   total 116736K, used 64787K [0x0000000080000000, 0x0000000100000000)
  region size 1024K, 2 young (2048K), 2 survivors (2048K)
 Metaspace       used 52328K, committed 52800K, reserved 1114112K
  class space    used 6938K, committed 7168K, reserved 1048576K
}
Event: 39.195 GC heap before
{Heap before GC invocations=34 (full 0):
 garbage-first heap   total 116736K, used 98579K [0x0000000080000000, 0x0000000100000000)
  region size 1024K, 35 young (35840K), 2 survivors (2048K)
 Metaspace       used 52332K, committed 52800K, reserved 1114112K
  class space    used 6938K, committed 7168K, reserved 1048576K
}
Event: 39.198 GC heap after
{Heap after GC invocations=35 (full 0):
 garbage-first heap   total 116736K, used 65016K [0x0000000080000000, 0x0000000100000000)
  region size 1024K, 2 young (2048K), 2 survivors (2048K)
 Metaspace       used 52332K, committed 52800K, reserved 1114112K
  class space    used 6938K, committed 7168K, reserved 1048576K
}
Event: 40.011 GC heap before
{Heap before GC invocations=36 (full 0):
 garbage-first heap   total 121856K, used 99832K [0x0000000080000000, 0x0000000100000000)
  region size 1024K, 36 young (36864K), 2 survivors (2048K)
 Metaspace       used 52343K, committed 52800K, reserved 1114112K
  class space    used 6938K, committed 7168K, reserved 1048576K
}
Event: 40.014 GC heap after
{Heap after GC invocations=37 (full 0):
 garbage-first heap   total 121856K, used 65385K [0x0000000080000000, 0x0000000100000000)
  region size 1024K, 2 young (2048K), 2 survivors (2048K)
 Metaspace       used 52343K, committed 52800K, reserved 1114112K
  class space    used 6938K, committed 7168K, reserved 1048576K
}
Event: 42.400 GC heap before
{Heap before GC invocations=37 (full 0):
 garbage-first heap   total 121856K, used 105321K [0x0000000080000000, 0x0000000100000000)
  region size 1024K, 41 young (41984K), 2 survivors (2048K)
 Metaspace       used 52350K, committed 52800K, reserved 1114112K
  class space    used 6938K, committed 7168K, reserved 1048576K
}
Event: 42.403 GC heap after
{Heap after GC invocations=38 (full 0):
 garbage-first heap   total 121856K, used 65780K [0x0000000080000000, 0x0000000100000000)
  region size 1024K, 3 young (3072K), 3 survivors (3072K)
 Metaspace       used 52350K, committed 52800K, reserved 1114112K
  class space    used 6938K, committed 7168K, reserved 1048576K
}
Event: 45.620 GC heap before
{Heap before GC invocations=39 (full 0):
 garbage-first heap   total 121856K, used 105716K [0x0000000080000000, 0x0000000100000000)
  region size 1024K, 42 young (43008K), 3 survivors (3072K)
 Metaspace       used 52351K, committed 52800K, reserved 1114112K
  class space    used 6938K, committed 7168K, reserved 1048576K
}
Event: 45.625 GC heap after
{Heap after GC invocations=40 (full 0):
 garbage-first heap   total 121856K, used 66222K [0x0000000080000000, 0x0000000100000000)
  region size 1024K, 3 young (3072K), 3 survivors (3072K)
 Metaspace       used 52351K, committed 52800K, reserved 1114112K
  class space    used 6938K, committed 7168K, reserved 1048576K
}
Event: 47.743 GC heap before
{Heap before GC invocations=40 (full 0):
 garbage-first heap   total 121856K, used 106158K [0x0000000080000000, 0x0000000100000000)
  region size 1024K, 42 young (43008K), 3 survivors (3072K)
 Metaspace       used 52354K, committed 52800K, reserved 1114112K
  class space    used 6938K, committed 7168K, reserved 1048576K
}
Event: 47.747 GC heap after
{Heap after GC invocations=41 (full 0):
 garbage-first heap   total 121856K, used 66678K [0x0000000080000000, 0x0000000100000000)
  region size 1024K, 4 young (4096K), 4 survivors (4096K)
 Metaspace       used 52354K, committed 52800K, reserved 1114112K
  class space    used 6938K, committed 7168K, reserved 1048576K
}
Event: 48.558 GC heap before
{Heap before GC invocations=42 (full 0):
 garbage-first heap   total 122880K, used 102518K [0x0000000080000000, 0x0000000100000000)
  region size 1024K, 40 young (40960K), 4 survivors (4096K)
 Metaspace       used 52354K, committed 52800K, reserved 1114112K
  class space    used 6938K, committed 7168K, reserved 1048576K
}
Event: 48.563 GC heap after
{Heap after GC invocations=43 (full 0):
 garbage-first heap   total 122880K, used 67172K [0x0000000080000000, 0x0000000100000000)
  region size 1024K, 4 young (4096K), 4 survivors (4096K)
 Metaspace       used 52354K, committed 52800K, reserved 1114112K
  class space    used 6938K, committed 7168K, reserved 1048576K
}
Event: 50.764 GC heap before
{Heap before GC invocations=44 (full 0):
 garbage-first heap   total 122880K, used 108132K [0x0000000080000000, 0x0000000100000000)
  region size 1024K, 42 young (43008K), 4 survivors (4096K)
 Metaspace       used 52356K, committed 52800K, reserved 1114112K
  class space    used 6938K, committed 7168K, reserved 1048576K
}
Event: 50.771 GC heap after
{Heap after GC invocations=45 (full 0):
 garbage-first heap   total 122880K, used 68691K [0x0000000080000000, 0x0000000100000000)
  region size 1024K, 5 young (5120K), 5 survivors (5120K)
 Metaspace       used 52356K, committed 52800K, reserved 1114112K
  class space    used 6938K, committed 7168K, reserved 1048576K
}

Dll operation events (2 events):
Event: 0.015 Loaded shared library C:\Program Files\Android\Android Studio\jbr\bin\java.dll
Event: 1.139 Loaded shared library C:\Program Files\Android\Android Studio\jbr\bin\verify.dll

Deoptimization events (20 events):
Event: 50.885 Thread 0x0000020f14554280 DEOPT PACKING pc=0x0000020f00a373b4 sp=0x00000099655fe4d0
Event: 50.885 Thread 0x0000020f14554280 DEOPT UNPACKING pc=0x0000020f07587143 sp=0x00000099655fd9e8 mode 0
Event: 50.902 Thread 0x0000020f14554280 DEOPT PACKING pc=0x0000020f00a373b4 sp=0x00000099655fe820
Event: 50.902 Thread 0x0000020f14554280 DEOPT UNPACKING pc=0x0000020f07587143 sp=0x00000099655fdd38 mode 0
Event: 50.927 Thread 0x0000020f14554280 DEOPT PACKING pc=0x0000020f00a37218 sp=0x00000099655fe4d0
Event: 50.927 Thread 0x0000020f14554280 DEOPT UNPACKING pc=0x0000020f07587143 sp=0x00000099655fd9e8 mode 0
Event: 50.946 Thread 0x0000020f14554280 DEOPT PACKING pc=0x0000020f0007cef0 sp=0x00000099655feaf0
Event: 50.946 Thread 0x0000020f14554280 DEOPT UNPACKING pc=0x0000020f07587143 sp=0x00000099655fdfd0 mode 0
Event: 50.946 Thread 0x0000020f14554280 DEOPT PACKING pc=0x0000020f00a373b4 sp=0x00000099655fe4d0
Event: 50.946 Thread 0x0000020f14554280 DEOPT UNPACKING pc=0x0000020f07587143 sp=0x00000099655fd9e8 mode 0
Event: 50.972 Thread 0x0000020f14554280 DEOPT PACKING pc=0x0000020f00a373b4 sp=0x00000099655fe820
Event: 50.972 Thread 0x0000020f14554280 DEOPT UNPACKING pc=0x0000020f07587143 sp=0x00000099655fdd38 mode 0
Event: 51.012 Thread 0x0000020f14554280 DEOPT PACKING pc=0x0000020f00a37218 sp=0x00000099655fe4d0
Event: 51.012 Thread 0x0000020f14554280 DEOPT UNPACKING pc=0x0000020f07587143 sp=0x00000099655fd9e8 mode 0
Event: 51.043 Thread 0x0000020f14554280 DEOPT PACKING pc=0x0000020f0007cef0 sp=0x00000099655feaf0
Event: 51.043 Thread 0x0000020f14554280 DEOPT UNPACKING pc=0x0000020f07587143 sp=0x00000099655fdfd0 mode 0
Event: 51.048 Thread 0x0000020f14554280 DEOPT PACKING pc=0x0000020f00a373b4 sp=0x00000099655fe4d0
Event: 51.048 Thread 0x0000020f14554280 DEOPT UNPACKING pc=0x0000020f07587143 sp=0x00000099655fd9e8 mode 0
Event: 51.073 Thread 0x0000020f14554280 DEOPT PACKING pc=0x0000020f00a373b4 sp=0x00000099655fe820
Event: 51.073 Thread 0x0000020f14554280 DEOPT UNPACKING pc=0x0000020f07587143 sp=0x00000099655fdd38 mode 0

Classes unloaded (5 events):
Event: 29.835 Thread 0x0000020f7f803760 Unloading class 0x0000000100604558 '_BuildScript_$_run_closure1'
Event: 29.835 Thread 0x0000020f7f803760 Unloading class 0x0000000100604000 '_BuildScript_'
Event: 37.062 Thread 0x0000020f7f803760 Unloading class 0x000000010068b968 '_BuildScript_$_run_closure1$_closure2'
Event: 37.062 Thread 0x0000020f7f803760 Unloading class 0x000000010068b558 '_BuildScript_$_run_closure1'
Event: 37.062 Thread 0x0000020f7f803760 Unloading class 0x000000010068b000 '_BuildScript_'

Classes redefined (0 events):
No events

Internal exceptions (20 events):
Event: 27.793 Thread 0x0000020f147ba840 Exception <a 'java/lang/ClassNotFoundException'{0x0000000085e3ec08}: sync_studio_tooling1_d06pu8u5y4k5rlftkyhajcxagBeanInfo> (0x0000000085e3ec08) 
thrown [s\src\hotspot\share\classfile\systemDictionary.cpp, line 256]
Event: 27.799 Thread 0x0000020f147ba840 Exception <a 'java/lang/ClassNotFoundException'{0x0000000085e45518}: sync_studio_tooling1_d06pu8u5y4k5rlftkyhajcxagCustomizer> (0x0000000085e45518) 
thrown [s\src\hotspot\share\classfile\systemDictionary.cpp, line 256]
Event: 27.860 Thread 0x0000020f147ba840 Exception <a 'java/lang/ClassNotFoundException'{0x0000000085e91ce8}: org/gradle/internal/metaobject/ConfigureDelegateBeanInfo> (0x0000000085e91ce8) 
thrown [s\src\hotspot\share\classfile\systemDictionary.cpp, line 256]
Event: 27.863 Thread 0x0000020f147ba840 Exception <a 'java/lang/ClassNotFoundException'{0x0000000085ea1ee8}: org/gradle/internal/metaobject/ConfigureDelegateCustomizer> (0x0000000085ea1ee8) 
thrown [s\src\hotspot\share\classfile\systemDictionary.cpp, line 256]
Event: 27.913 Thread 0x0000020f147ba840 Exception <a 'java/lang/ClassNotFoundException'{0x0000000085ef2688}: org/gradle/api/internal/initialization/DefaultScriptHandlerBeanInfo> (0x0000000085ef2688) 
thrown [s\src\hotspot\share\classfile\systemDictionary.cpp, line 256]
Event: 27.918 Thread 0x0000020f147ba840 Exception <a 'java/lang/ClassNotFoundException'{0x0000000085d03628}: org/gradle/api/internal/initialization/DefaultScriptHandlerCustomizer> (0x0000000085d03628) 
thrown [s\src\hotspot\share\classfile\systemDictionary.cpp, line 256]
Event: 28.480 Thread 0x0000020f147ba840 Implicit null exception at 0x0000020f07d1026c to 0x0000020f07d10310
Event: 28.502 Thread 0x0000020f147ba840 Exception <a 'java/lang/ClassNotFoundException'{0x000000008538c058}: org/gradle/api/internal/artifacts/dsl/dependencies/DefaultDependencyHandler_DecoratedBeanInfo> (0x000000008538c058) 
thrown [s\src\hotspot\share\classfile\systemDictionary.cpp, line 256]
Event: 28.506 Thread 0x0000020f147ba840 Exception <a 'java/lang/ClassNotFoundException'{0x00000000853a1b80}: org/gradle/api/internal/artifacts/dsl/dependencies/DefaultDependencyHandlerBeanInfo> (0x00000000853a1b80) 
thrown [s\src\hotspot\share\classfile\systemDictionary.cpp, line 256]
Event: 28.510 Thread 0x0000020f147ba840 Exception <a 'java/lang/ClassNotFoundException'{0x00000000853b6bc8}: org/gradle/api/internal/artifacts/dsl/dependencies/DefaultDependencyHandlerCustomizer> (0x00000000853b6bc8) 
thrown [s\src\hotspot\share\classfile\systemDictionary.cpp, line 256]
Event: 28.517 Thread 0x0000020f147ba840 Exception <a 'java/lang/ClassNotFoundException'{0x00000000853f59b0}: org/gradle/api/internal/artifacts/dsl/dependencies/DefaultDependencyHandler_DecoratedCustomizer> (0x00000000853f59b0) 
thrown [s\src\hotspot\share\classfile\systemDictionary.cpp, line 256]
Event: 28.526 Thread 0x0000020f147ba840 Exception <a 'java/lang/ClassNotFoundException'{0x0000000085236cb0}: sync_studio_tooling1_d06pu8u5y4k5rlftkyhajcxag$_run_closure1BeanInfo> (0x0000000085236cb0) 
thrown [s\src\hotspot\share\classfile\systemDictionary.cpp, line 256]
Event: 28.527 Thread 0x0000020f147ba840 Exception <a 'java/lang/ClassNotFoundException'{0x000000008523dc98}: sync_studio_tooling1_d06pu8u5y4k5rlftkyhajcxag$_run_closure1Customizer> (0x000000008523dc98) 
thrown [s\src\hotspot\share\classfile\systemDictionary.cpp, line 256]
Event: 28.650 Thread 0x0000020f147ba840 Exception <a 'java/lang/NoSuchMethodError'{0x0000000085051ed8}: 'java.lang.Object java.lang.invoke.DirectMethodHandle$Holder.newInvokeSpecial(java.lang.Object, int, java.lang.Object)'> (0x0000000085051ed8) 
thrown [s\src\hotspot\share\interpreter\linkResolver.cpp, line 771]
Event: 29.450 Thread 0x0000020f147ba840 Exception <a 'java/lang/NoSuchMethodError'{0x0000000086aff2b0}: 'int java.lang.invoke.DirectMethodHandle$Holder.invokeStatic(java.lang.Object)'> (0x0000000086aff2b0) 
thrown [s\src\hotspot\share\interpreter\linkResolver.cpp, line 771]
Event: 29.452 Thread 0x0000020f147ba840 Exception <a 'java/lang/NoSuchMethodError'{0x0000000086903b60}: 'int java.lang.invoke.DirectMethodHandle$Holder.invokeStaticInit(java.lang.Object)'> (0x0000000086903b60) 
thrown [s\src\hotspot\share\interpreter\linkResolver.cpp, line 771]
Event: 29.751 Thread 0x0000020f1454fa50 Exception <a 'sun/nio/fs/WindowsException'{0x0000000086f00208}> (0x0000000086f00208) 
thrown [s\src\hotspot\share\prims\jni.cpp, line 517]
Event: 29.998 Thread 0x0000020f14554280 Exception <a 'sun/nio/fs/WindowsException'{0x0000000086b20868}> (0x0000000086b20868) 
thrown [s\src\hotspot\share\prims\jni.cpp, line 517]
Event: 32.631 Thread 0x0000020f1454fa50 Exception <a 'sun/nio/fs/WindowsException'{0x00000000866ca760}> (0x00000000866ca760) 
thrown [s\src\hotspot\share\prims\jni.cpp, line 517]
Event: 32.639 Thread 0x0000020f1454fa50 Exception <a 'sun/nio/fs/WindowsException'{0x00000000866ca8e8}> (0x00000000866ca8e8) 
thrown [s\src\hotspot\share\prims\jni.cpp, line 517]

VM Operations (20 events):
Event: 42.484 Executing VM operation: G1Concurrent
Event: 42.519 Executing VM operation: G1Concurrent done
Event: 42.549 Executing VM operation: G1Concurrent
Event: 42.650 Executing VM operation: G1Concurrent done
Event: 45.620 Executing VM operation: G1CollectForAllocation
Event: 45.625 Executing VM operation: G1CollectForAllocation done
Event: 47.743 Executing VM operation: G1CollectForAllocation
Event: 47.747 Executing VM operation: G1CollectForAllocation done
Event: 47.822 Executing VM operation: G1Concurrent
Event: 47.829 Executing VM operation: G1Concurrent done
Event: 47.863 Executing VM operation: G1Concurrent
Event: 47.864 Executing VM operation: G1Concurrent done
Event: 48.558 Executing VM operation: G1TryInitiateConcMark
Event: 48.566 Executing VM operation: G1TryInitiateConcMark done
Event: 48.649 Executing VM operation: G1Concurrent
Event: 48.671 Executing VM operation: G1Concurrent done
Event: 48.708 Executing VM operation: G1Concurrent
Event: 48.716 Executing VM operation: G1Concurrent done
Event: 50.763 Executing VM operation: G1CollectForAllocation
Event: 50.771 Executing VM operation: G1CollectForAllocation done

Events (20 events):
Event: 37.084 Thread 0x0000020f7f998300 flushing nmethod 0x0000020f00915f90
Event: 37.085 Thread 0x0000020f7f998300 flushing nmethod 0x0000020f00952310
Event: 37.085 Thread 0x0000020f7f998300 flushing nmethod 0x0000020f00955710
Event: 37.086 Thread 0x0000020f7f998300 flushing nmethod 0x0000020f009b5890
Event: 37.086 Thread 0x0000020f7f998300 flushing nmethod 0x0000020f009b6010
Event: 37.086 Thread 0x0000020f7f998300 flushing nmethod 0x0000020f009b6990
Event: 37.086 Thread 0x0000020f7f998300 flushing nmethod 0x0000020f009b8710
Event: 37.086 Thread 0x0000020f7f998300 flushing nmethod 0x0000020f009b9810
Event: 37.086 Thread 0x0000020f7f998300 flushing nmethod 0x0000020f009ba390
Event: 37.086 Thread 0x0000020f7f998300 flushing nmethod 0x0000020f009c8b10
Event: 37.086 Thread 0x0000020f7f998300 flushing nmethod 0x0000020f009d3990
Event: 37.086 Thread 0x0000020f7f998300 flushing nmethod 0x0000020f009faf90
Event: 37.086 Thread 0x0000020f7f998300 flushing nmethod 0x0000020f009fc210
Event: 37.086 Thread 0x0000020f7f998300 flushing nmethod 0x0000020f009fdc90
Event: 37.087 Thread 0x0000020f7f998300 flushing nmethod 0x0000020f00a7c390
Event: 37.087 Thread 0x0000020f7f998300 flushing nmethod 0x0000020f00a8a590
Event: 37.087 Thread 0x0000020f7f998300 flushing nmethod 0x0000020f00ab4f10
Event: 37.087 Thread 0x0000020f7f998300 flushing nmethod 0x0000020f00ab6b10
Event: 39.564 loading class jdk/internal/access/foreign/MemorySegmentProxy
Event: 39.564 loading class jdk/internal/access/foreign/MemorySegmentProxy done


Dynamic libraries:
0x00007ff69d5a0000 - 0x00007ff69d5aa000 	C:\Program Files\Android\Android Studio\jbr\bin\java.exe
0x00007ff9d8380000 - 0x00007ff9d856e000 	C:\Windows\SYSTEM32\ntdll.dll
0x00007ff9d74e0000 - 0x00007ff9d7593000 	C:\Windows\System32\KERNEL32.DLL
0x00007ff9d46b0000 - 0x00007ff9d494d000 	C:\Windows\System32\KERNELBASE.dll
0x00007ff9d4550000 - 0x00007ff9d464a000 	C:\Windows\System32\ucrtbase.dll
0x00007ff9c7700000 - 0x00007ff9c771b000 	C:\Program Files\Android\Android Studio\jbr\bin\VCRUNTIME140.dll
0x00007ff9c6170000 - 0x00007ff9c6187000 	C:\Program Files\Android\Android Studio\jbr\bin\jli.dll
0x00007ff9d7d50000 - 0x00007ff9d7ee7000 	C:\Windows\System32\USER32.dll
0x00007ff9d4a30000 - 0x00007ff9d4a50000 	C:\Windows\System32\win32u.dll
0x00007ff9c1120000 - 0x00007ff9c1399000 	C:\Windows\WinSxS\amd64_microsoft.windows.common-controls_6595b64144ccf1df_6.0.17763.5576_none_de7462b453487ecb\COMCTL32.dll
0x00007ff9d75a0000 - 0x00007ff9d763e000 	C:\Windows\System32\msvcrt.dll
0x00007ff9d5930000 - 0x00007ff9d5959000 	C:\Windows\System32\GDI32.dll
0x00007ff9d55a0000 - 0x00007ff9d58cb000 	C:\Windows\System32\combase.dll
0x00007ff9d53a0000 - 0x00007ff9d554a000 	C:\Windows\System32\gdi32full.dll
0x00007ff9d7670000 - 0x00007ff9d778d000 	C:\Windows\System32\RPCRT4.dll
0x00007ff9d44b0000 - 0x00007ff9d4550000 	C:\Windows\System32\msvcp_win.dll
0x00007ff9d4950000 - 0x00007ff9d49d2000 	C:\Windows\System32\bcryptPrimitives.dll
0x00007ff9d7640000 - 0x00007ff9d766e000 	C:\Windows\System32\IMM32.DLL
0x00007ff9cae40000 - 0x00007ff9cae4c000 	C:\Program Files\Android\Android Studio\jbr\bin\vcruntime140_1.dll
0x00007ff9b4ce0000 - 0x00007ff9b4d6d000 	C:\Program Files\Android\Android Studio\jbr\bin\msvcp140.dll
0x00007ff9abb20000 - 0x00007ff9ac7a0000 	C:\Program Files\Android\Android Studio\jbr\bin\server\jvm.dll
0x00007ff9d8120000 - 0x00007ff9d81c8000 	C:\Windows\System32\ADVAPI32.dll
0x00007ff9d82a0000 - 0x00007ff9d8342000 	C:\Windows\System32\sechost.dll
0x00007ff9d5550000 - 0x00007ff9d5576000 	C:\Windows\System32\bcrypt.dll
0x00007ff9ca8b0000 - 0x00007ff9ca8b9000 	C:\Windows\SYSTEM32\WSOCK32.dll
0x00007ff9d2020000 - 0x00007ff9d2044000 	C:\Windows\SYSTEM32\WINMM.dll
0x00007ff9cf040000 - 0x00007ff9cf04a000 	C:\Windows\SYSTEM32\VERSION.dll
0x00007ff9d80b0000 - 0x00007ff9d811d000 	C:\Windows\System32\WS2_32.dll
0x00007ff9d1f00000 - 0x00007ff9d1f2d000 	C:\Windows\SYSTEM32\winmmbase.dll
0x00007ff9d49e0000 - 0x00007ff9d4a2a000 	C:\Windows\System32\cfgmgr32.dll
0x00007ff9d4390000 - 0x00007ff9d43a1000 	C:\Windows\System32\kernel.appcore.dll
0x00007ff9ca6d0000 - 0x00007ff9ca6da000 	C:\Program Files\Android\Android Studio\jbr\bin\jimage.dll
0x00007ff9d2bd0000 - 0x00007ff9d2dbd000 	C:\Windows\SYSTEM32\DBGHELP.DLL
0x00007ff9c8900000 - 0x00007ff9c892a000 	C:\Windows\SYSTEM32\dbgcore.DLL
0x00007ff9ca6a0000 - 0x00007ff9ca6c5000 	C:\Program Files\Android\Android Studio\jbr\bin\java.dll
0x00007ff9c77f0000 - 0x00007ff9c7808000 	C:\Program Files\Android\Android Studio\jbr\bin\zip.dll
0x00007ff9d5bd0000 - 0x00007ff9d70c8000 	C:\Windows\System32\SHELL32.dll
0x00007ff9d8000000 - 0x00007ff9d80a7000 	C:\Windows\System32\shcore.dll
0x00007ff9d4c50000 - 0x00007ff9d5397000 	C:\Windows\System32\windows.storage.dll
0x00007ff9d43b0000 - 0x00007ff9d43d3000 	C:\Windows\System32\profapi.dll
0x00007ff9d4330000 - 0x00007ff9d438d000 	C:\Windows\System32\powrprof.dll
0x00007ff9d58d0000 - 0x00007ff9d5922000 	C:\Windows\System32\shlwapi.dll
0x00007ff9d5580000 - 0x00007ff9d559b000 	C:\Windows\System32\cryptsp.dll
0x00007ff9c77d0000 - 0x00007ff9c77e9000 	C:\Program Files\Android\Android Studio\jbr\bin\net.dll
0x00007ff9c9b80000 - 0x00007ff9c9c7d000 	C:\Windows\SYSTEM32\WINHTTP.dll
0x00007ff9d3b20000 - 0x00007ff9d3b87000 	C:\Windows\system32\mswsock.dll
0x00007ff9c77b0000 - 0x00007ff9c77c6000 	C:\Program Files\Android\Android Studio\jbr\bin\nio.dll
0x00007ff9ca2c0000 - 0x00007ff9ca2d0000 	C:\Program Files\Android\Android Studio\jbr\bin\verify.dll
0x00007ff9c60b0000 - 0x00007ff9c60d7000 	C:\Users\vlad\.gradle\native\68d5fa5c4cc2d200863cafc0d521ce42e7d3e7ee720ec0a83991735586a16f82\windows-amd64\native-platform.dll
0x00007ff9af8a0000 - 0x00007ff9af9e4000 	C:\Users\vlad\.gradle\native\e376f236ea51e6404a007f0833ffe2c6e607c4080706a723a18a27aeea778392\windows-amd64\native-platform-file-events.dll
0x00007ff9ca210000 - 0x00007ff9ca219000 	C:\Program Files\Android\Android Studio\jbr\bin\management.dll
0x00007ff9c8a40000 - 0x00007ff9c8a4b000 	C:\Program Files\Android\Android Studio\jbr\bin\management_ext.dll
0x00007ff9d7d40000 - 0x00007ff9d7d48000 	C:\Windows\System32\PSAPI.DLL
0x00007ff9d36a0000 - 0x00007ff9d36d3000 	C:\Windows\system32\rsaenh.dll
0x00007ff9d4230000 - 0x00007ff9d4259000 	C:\Windows\SYSTEM32\USERENV.dll
0x00007ff9d3cf0000 - 0x00007ff9d3cfc000 	C:\Windows\SYSTEM32\CRYPTBASE.dll
0x00007ff9d3830000 - 0x00007ff9d386d000 	C:\Windows\SYSTEM32\IPHLPAPI.DLL
0x00007ff9d7130000 - 0x00007ff9d7138000 	C:\Windows\System32\NSI.dll
0x00007ff9cc640000 - 0x00007ff9cc656000 	C:\Windows\SYSTEM32\dhcpcsvc6.DLL
0x00007ff9ccc50000 - 0x00007ff9ccc6c000 	C:\Windows\SYSTEM32\dhcpcsvc.DLL
0x00007ff9d3870000 - 0x00007ff9d3936000 	C:\Windows\SYSTEM32\DNSAPI.dll
0x00007ff9ca320000 - 0x00007ff9ca327000 	C:\Windows\system32\wshunix.dll

dbghelp: loaded successfully - version: 4.0.5 - missing functions: none
symbol engine: initialized successfully - sym options: 0x614 - pdb path: .;C:\Program Files\Android\Android Studio\jbr\bin;C:\Windows\SYSTEM32;C:\Windows\WinSxS\amd64_microsoft.windows.common-controls_6595b64144ccf1df_6.0.17763.5576_none_de7462b453487ecb;C:\Program Files\Android\Android Studio\jbr\bin\server;C:\Users\vlad\.gradle\native\68d5fa5c4cc2d200863cafc0d521ce42e7d3e7ee720ec0a83991735586a16f82\windows-amd64;C:\Users\vlad\.gradle\native\e376f236ea51e6404a007f0833ffe2c6e607c4080706a723a18a27aeea778392\windows-amd64

VM Arguments:
jvm_args: --add-opens=java.base/java.util=ALL-UNNAMED --add-opens=java.base/java.lang=ALL-UNNAMED --add-opens=java.base/java.lang.invoke=ALL-UNNAMED --add-opens=java.prefs/java.util.prefs=ALL-UNNAMED --add-opens=java.base/java.nio.charset=ALL-UNNAMED --add-opens=java.base/java.net=ALL-UNNAMED --add-opens=java.base/java.util.concurrent.atomic=ALL-UNNAMED -Xmx2048m -Dfile.encoding=UTF-8 -Duser.country=RU -Duser.language=ru -Duser.variant 
java_command: org.gradle.launcher.daemon.bootstrap.GradleDaemon 8.0
java_class_path (initial): C:\Users\vlad\.gradle\wrapper\dists\gradle-8.0-bin\ca5e32bp14vu59qr306oxotwh\gradle-8.0\lib\gradle-launcher-8.0.jar
Launcher Type: SUN_STANDARD

[Global flags]
     intx CICompilerCount                          = 4                                         {product} {ergonomic}
     uint ConcGCThreads                            = 2                                         {product} {ergonomic}
     uint G1ConcRefinementThreads                  = 8                                         {product} {ergonomic}
   size_t G1HeapRegionSize                         = 1048576                                   {product} {ergonomic}
    uintx GCDrainStackTargetSize                   = 64                                        {product} {ergonomic}
   size_t InitialHeapSize                          = 100663296                                 {product} {ergonomic}
   size_t MarkStackSize                            = 4194304                                   {product} {ergonomic}
   size_t MaxHeapSize                              = 2147483648                                {product} {command line}
   size_t MaxNewSize                               = 1287651328                                {product} {ergonomic}
   size_t MinHeapDeltaBytes                        = 1048576                                   {product} {ergonomic}
   size_t MinHeapSize                              = 8388608                                   {product} {ergonomic}
    uintx NonNMethodCodeHeapSize                   = 5839372                                {pd product} {ergonomic}
    uintx NonProfiledCodeHeapSize                  = 122909434                              {pd product} {ergonomic}
    uintx ProfiledCodeHeapSize                     = 122909434                              {pd product} {ergonomic}
    uintx ReservedCodeCacheSize                    = 251658240                              {pd product} {ergonomic}
     bool SegmentedCodeCache                       = true                                      {product} {ergonomic}
   size_t SoftMaxHeapSize                          = 2147483648                             {manageable} {ergonomic}
     bool UseCompressedClassPointers               = true                           {product lp64_product} {ergonomic}
     bool UseCompressedOops                        = true                           {product lp64_product} {ergonomic}
     bool UseG1GC                                  = true                                      {product} {ergonomic}
     bool UseLargePagesIndividualAllocation        = false                                  {pd product} {ergonomic}

Logging:
Log output configuration:
 #0: stdout all=warning uptime,level,tags
 #1: stderr all=off uptime,level,tags

Environment Variables:
PATH=C:\Windows\system32;C:\Windows;C:\Windows\System32\Wbem;C:\Windows\System32\WindowsPowerShell\v1.0\;C:\Windows\System32\OpenSSH\;C:\Program Files (x86)\AMD\ATI.ACE\Core-Static;C:\Users\vlad\AppData\Local\Microsoft\WindowsApps;
USERNAME=vlad
OS=Windows_NT
PROCESSOR_IDENTIFIER=AMD64 Family 23 Model 24 Stepping 1, AuthenticAMD
TMP=C:\Users\vlad\AppData\Local\Temp
TEMP=C:\Users\vlad\AppData\Local\Temp


JNI global refs:
JNI global refs: 26, weak refs: 69

JNI global refs memory usage: 843, weak refs: 1473

OOME stack traces (most recent first):
Classloader memory used:
Loader org.gradle.internal.classloader.VisitableURLClassLoader                         : 3343K
Loader bootstrap                                                                       : 2391K
Loader org.gradle.initialization.MixInLegacyTypesClassLoader                           : 643K
Loader jdk.internal.loader.ClassLoaders$PlatformClassLoader                            : 67481B
Loader org.gradle.internal.classloader.VisitableURLClassLoader                         : 50735B
Loader jdk.internal.loader.ClassLoaders$AppClassLoader                                 : 25772B
Loader jdk.internal.reflect.DelegatingClassLoader                                      : 22033B
Loader org.gradle.groovy.scripts.internal.DefaultScriptCompilationHandler$ScriptClassLoader: 3743B
Loader org.codehaus.groovy.runtime.callsite.CallSiteClassLoader                        : 876B

Classes loaded by more than one classloader:
Class org.gradle.api.GradleException                                                  : loaded 3 times (x 80B)
Class org.gradle.util.GradleVersion                                                   : loaded 2 times (x 81B)
Class org.gradle.internal.classpath.ClassPath                                         : loaded 2 times (x 68B)
Class org.gradle.api.internal.classpath.DefaultModuleRegistry                         : loaded 2 times (x 84B)
Class org.gradle.api.Action                                                           : loaded 2 times (x 68B)
Class org.gradle.api.internal.DefaultClassPathProvider                                : loaded 2 times (x 74B)
Class org.gradle.internal.installation.GradleInstallation$1                           : loaded 2 times (x 73B)
Class org.gradle.internal.exceptions.DefaultMultiCauseException                       : loaded 2 times (x 85B)
Class org.gradle.internal.time.MonotonicClock                                         : loaded 2 times (x 75B)
Class org.gradle.internal.classloader.FilteringClassLoader                            : loaded 2 times (x 102B)
Class org.gradle.internal.classpath.DefaultClassPath$ImmutableUniqueList$Builder      : loaded 2 times (x 73B)
Class org.gradle.internal.classloader.ClassLoaderVisitor                              : loaded 2 times (x 74B)
Class org.gradle.internal.time.DefaultCountdownTimer                                  : loaded 2 times (x 86B)
Class org.gradle.internal.service.DefaultServiceLocator                               : loaded 2 times (x 81B)
Class org.gradle.internal.service.UnknownServiceException                             : loaded 2 times (x 81B)
Class org.gradle.internal.classloader.DefaultClassLoaderFactory                       : loaded 2 times (x 80B)
Class org.gradle.internal.classloader.VisitableURLClassLoader$Spec                    : loaded 2 times (x 72B)
Class org.gradle.tooling.model.ProjectModel                                           : loaded 2 times (x 68B)
Class org.gradle.internal.installation.GradleInstallation                             : loaded 2 times (x 73B)
Class org.gradle.api.internal.classpath.ModuleRegistry                                : loaded 2 times (x 68B)
Class org.gradle.api.internal.ClassPathProvider                                       : loaded 2 times (x 68B)
Class org.gradle.internal.classloader.ClasspathUtil$1                                 : loaded 2 times (x 74B)
Class org.gradle.internal.classloader.ClassLoaderFactory                              : loaded 2 times (x 68B)
Class org.gradle.api.internal.classpath.ManifestUtil                                  : loaded 2 times (x 69B)
Class org.gradle.api.specs.Spec                                                       : loaded 2 times (x 68B)
Class org.gradle.internal.IoActions                                                   : loaded 2 times (x 69B)
Class org.gradle.api.internal.classpath.EffectiveClassPath                            : loaded 2 times (x 88B)
Class org.gradle.internal.installation.CurrentGradleInstallation                      : loaded 2 times (x 71B)
Class org.gradle.internal.installation.CurrentGradleInstallationLocator               : loaded 2 times (x 69B)
Class org.gradle.api.internal.classpath.Module                                        : loaded 2 times (x 68B)
Class org.gradle.internal.service.CachingServiceLocator                               : loaded 2 times (x 80B)
Class org.gradle.internal.time.Timer                                                  : loaded 2 times (x 68B)
Class org.gradle.internal.classpath.DefaultClassPath                                  : loaded 2 times (x 88B)
Class org.gradle.internal.time.Time                                                   : loaded 2 times (x 69B)
Class org.gradle.internal.time.TimeSource$1                                           : loaded 2 times (x 75B)
Class org.gradle.internal.classloader.SystemClassLoaderSpec                           : loaded 2 times (x 69B)
Class kotlin.Function                                                                 : loaded 2 times (x 68B)
Class org.gradle.api.UncheckedIOException                                             : loaded 2 times (x 80B)
Class org.gradle.internal.time.CountdownTimer                                         : loaded 2 times (x 68B)
Class org.gradle.internal.time.Clock                                                  : loaded 2 times (x 68B)
Class org.gradle.internal.classloader.ClasspathUtil                                   : loaded 2 times (x 69B)
Class org.gradle.api.internal.DefaultClassPathRegistry                                : loaded 2 times (x 74B)
Class org.gradle.api.internal.classpath.DefaultModuleRegistry$DefaultModule           : loaded 2 times (x 84B)
Class org.gradle.internal.time.TimeSource                                             : loaded 2 times (x 68B)
Class org.gradle.api.internal.classpath.UnknownModuleException                        : loaded 2 times (x 80B)
Class org.gradle.internal.service.ServiceLookupException                              : loaded 2 times (x 80B)
Class org.gradle.cache.GlobalCache                                                    : loaded 2 times (x 68B)
Class [Lorg.gradle.api.internal.ClassPathProvider;                                    : loaded 2 times (x 67B)
Class org.gradle.internal.operations.MultipleBuildOperationFailures                   : loaded 2 times (x 85B)
Class org.gradle.util.internal.GUtil                                                  : loaded 2 times (x 69B)
Class org.gradle.internal.classloader.ClassLoaderSpec                                 : loaded 2 times (x 69B)
Class org.gradle.internal.classloader.VisitableURLClassLoader                         : loaded 2 times (x 114B)
Class org.gradle.internal.Cast                                                        : loaded 2 times (x 69B)
Class org.gradle.api.internal.ClassPathRegistry                                       : loaded 2 times (x 68B)
Class org.gradle.internal.classloader.ClassLoaderHierarchy                            : loaded 2 times (x 68B)
Class org.gradle.internal.exceptions.MultiCauseException                              : loaded 2 times (x 68B)
Class org.gradle.internal.InternalTransformer                                         : loaded 2 times (x 68B)
Class org.gradle.internal.service.ServiceLocator                                      : loaded 2 times (x 68B)
Class org.gradle.internal.classpath.DefaultClassPath$ImmutableUniqueList              : loaded 2 times (x 159B)
Class org.gradle.internal.time.DefaultTimer                                           : loaded 2 times (x 78B)


---------------  S Y S T E M  ---------------

OS:
 Windows 10 , 64 bit Build 17763 (10.0.17763.4974)
OS uptime: 0 days 2:08 hours

CPU: total 8 (initial active 8) (8 cores per cpu, 2 threads per core) family 23 model 24 stepping 1 microcode 0x0, cx8, cmov, fxsr, ht, mmx, 3dnowpref, sse, sse2, sse3, ssse3, sse4a, sse4.1, sse4.2, popcnt, lzcnt, tsc, tscinvbit, avx, avx2, aes, clmul, bmi1, bmi2, adx, sha, fma, vzeroupper, clflush, clflushopt

Memory: 4k page, system-wide physical 6088M (263M free)
TotalPageFile size 8136M (AvailPageFile size 7M)
current process WorkingSet (physical memory assigned to process): 294M, peak: 301M
current process commit charge ("private bytes"): 328M, peak: 337M

vm_info: OpenJDK 64-Bit Server VM (17.0.7+0-b2043.56-10550314) for windows-amd64 JRE (17.0.7+0-b2043.56-10550314), built on Jul 24 2023 18:27:45 by "androidbuild" with MS VC++ 16.10 / 16.11 (VS2019)

END.
